GET / -> 200 (15ms)
POST /api/characters -> 201 (59ms)
POST /api/characters -> 201 (6ms)
POST /api/characters -> 201 (6ms)
GET / -> 200 (36ms)
GET / -> 200 (17ms)
GET /favicon.ico -> 404 (4ms)
POST / -> 500 (39ms)
GET / -> 304 (2ms)
GET / -> 304 (5ms)
GET / -> 304 (3ms)
GET / -> 304 (2ms)
GET / -> 304 (3ms)
GET / -> 304 (5ms)
GET / -> 304 (3ms)
GET / -> 304 (4ms)
GET / -> 304 (5ms)
GET / -> 304 (3ms)
GET / -> 304 (2ms)
GET / -> 200 (3ms)
POST / -> 500 (1ms)
POST / -> 500 (52ms)
POST / -> 500 (160ms)
POST / -> 500 (52ms)
GET / -> 200 (4ms)
POST / -> 201 (46ms)
GET / -> 304 (10ms)
GET / -> 200 (3ms)
POST / -> 201 (20ms)
GET / -> 200 (5ms)
DELETE /delete/6 -> 200 (9ms)
GET / -> 200 (6ms)
GET / -> 304 (5ms)
GET /random -> 404 (26ms)
GET / -> 200 (22ms)
GET / -> 200 (10ms)
GET /favicon.ico -> 404 (3ms)
DELETE /api/characters/delete/3 -> 500 (16ms)
GET / -> 304 (3ms)
POST / -> 400 (43ms)
GET / -> 304 (3ms)
GET / -> 304 (5ms)
GET / -> 304 (2ms)
GET / -> 200 (68ms)
POST / -> 400 (73ms)
POST / -> 400 (18ms)
POST / -> 400 (50ms)
POST / -> 400 (3ms)
POST / -> 201 (50ms)
POST / -> 400 (5ms)
POST / -> 201 (8ms)
GET /download/5 -> 404 (47ms)
GET /download/5 -> 404 (49ms)
GET /download/5 -> 404 (32ms)
GET / -> 200 (26ms)
GET / -> 200 (23ms)
GET /download/1 -> 200 (11ms)
GET / -> 304 (79ms)
GET / -> 304 (69ms)
2025-10-29T13:16:35.599Z - Karakter slettet: Luke Skywalker
DELETE /delete/1 -> 200 (9ms)
GET / -> 200 (3ms)
GET /download/4 -> 200 (19ms)
GET / -> 304 (15ms)
GET / -> 304 (11ms)
GET / -> 304 (3ms)
GET /download/all -> 404 (43ms)
GET /download/all -> 404 (8ms)
GET /download/all -> 404 (51ms)
GET /download/all -> 404 (104ms)
GET / -> 200 (41ms)
GET / -> 304 (28ms)
GET /api/characters/downloadall -> 404 (8ms)
GET /download/all -> 404 (4ms)
GET / -> 304 (29ms)
GET / -> 304 (38ms)
GET /api/characters/downloadall -> 500 (16ms)
GET /download/all -> 404 (3ms)
GET / -> 304 (23ms)
GET / -> 304 (17ms)
GET /api/characters/downloadall -> 404 (9ms)
GET /download/all -> 404 (7ms)
GET /download/all -> 404 (7ms)
GET /download/all -> 404 (3ms)
GET /download/all -> 404 (3ms)
GET /download/all -> 404 (40ms)
GET /download/all -> 404 (5ms)
GET / -> 304 (22ms)
GET / -> 304 (30ms)
GET /api/characters/downloadall -> 404 (8ms)
GET /download/all -> 500 (6ms)
GET / -> 304 (45ms)
GET / -> 304 (71ms)
GET /api/characters/downloadall -> 404 (25ms)
GET /download/all -> 200 (21ms)
